#
# There is insufficient memory for the Java Runtime Environment to continue.
# Native memory allocation (malloc) failed to allocate 1048576 bytes for AllocateHeap
# Possible reasons:
#   The system is out of physical RAM or swap space
#   In 32 bit mode, the process size limit was hit
# Possible solutions:
#   Reduce memory load on the system
#   Increase physical memory or swap space
#   Check if swap backing store is full
#   Use 64 bit Java on a 64 bit OS
#   Decrease Java heap size (-Xmx/-Xms)
#   Decrease number of Java threads
#   Decrease Java thread stack sizes (-Xss)
#   Set larger code cache with -XX:ReservedCodeCacheSize=
# This output file may be truncated or incomplete.
#
#  Out of Memory Error (memory/allocation.inline.hpp:61), pid=11644, tid=0x0000000000002be0
#
# JRE version:  (8.0_191-b12) (build )
# Java VM: Java HotSpot(TM) 64-Bit Server VM (25.191-b12 mixed mode windows-amd64 compressed oops)
# Failed to write core dump. Minidumps are not enabled by default on client versions of Windows
#

---------------  T H R E A D  ---------------

Current thread (0x0000000000e8e000):  JavaThread "Unknown thread" [_thread_in_vm, id=11232, stack(0x0000000000d60000,0x0000000000e60000)]

Stack: [0x0000000000d60000,0x0000000000e60000]
[error occurred during error reporting (printing stack bounds), id 0xc0000005]

Native frames: (J=compiled Java code, j=interpreted, Vv=VM code, C=native code)


---------------  P R O C E S S  ---------------

Java Threads: ( => current thread )

Other Threads:

=>0x0000000000e8e000 (exited) JavaThread "Unknown thread" [_thread_in_vm, id=11232, stack(0x0000000000d60000,0x0000000000e60000)]

VM state:not at safepoint (normal execution)

VM Mutex/Monitor currently owned by a thread: None

Heap:
 PSYoungGen      total 18944K, used 327K [0x00000000eb000000, 0x00000000ec500000, 0x0000000100000000)
  eden space 16384K, 2% used [0x00000000eb000000,0x00000000eb051ec8,0x00000000ec000000)
  from space 2560K, 0% used [0x00000000ec280000,0x00000000ec280000,0x00000000ec500000)
  to   space 2560K, 0% used [0x00000000ec000000,0x00000000ec000000,0x00000000ec280000)
 ParOldGen       total 44032K, used 0K [0x00000000c1000000, 0x00000000c3b00000, 0x00000000eb000000)
  object space 44032K, 0% used [0x00000000c1000000,0x00000000c1000000,0x00000000c3b00000)
 Metaspace       used 751K, capacity 4480K, committed 4480K, reserved 1056768K
  class space    used 76K, capacity 384K, committed 384K, reserved 1048576K

Card table byte_map: [0x0000000011a80000,0x0000000011c80000] byte_map_base: 0x0000000011478000

Marking Bits: (ParMarkBitMap*) 0x0000000076653e30
 Begin Bits: [0x00000000121d0000, 0x0000000013190000)
 End Bits:   [0x0000000013190000, 0x0000000014150000)

Polling page: 0x0000000000c00000

CodeCache: size=245760Kb used=328Kb max_used=328Kb free=245431Kb
 bounds [0x00000000026c0000, 0x0000000002930000, 0x00000000116c0000]
 total_blobs=58 nmethods=0 adapters=38
 compilation: enabled

Compilation events (0 events):
No events

GC Heap History (0 events):
No events

Deoptimization events (0 events):
No events

Classes redefined (0 events):
No events

Internal exceptions (0 events):
No events

Events (10 events):
Event: 0.096 loading class java/lang/Short
Event: 0.097 loading class java/lang/Short done
Event: 0.097 loading class java/lang/Integer
Event: 0.097 loading class java/lang/Integer done
Event: 0.097 loading class java/lang/Long
Event: 0.097 loading class java/lang/Long done
Event: 0.099 loading class java/lang/NullPointerException
Event: 0.099 loading class java/lang/NullPointerException done
Event: 0.099 loading class java/lang/ArithmeticException
Event: 0.099 loading class java/lang/ArithmeticException done


Dynamic libraries:
0x00007ff66c030000 - 0x00007ff66c067000 	C:\Program Files\Java\jre1.8.0_191\bin\javaw.exe
0x00007ffb593d0000 - 0x00007ffb5957d000 	C:\Windows\SYSTEM32\ntdll.dll
0x00007ffb56dc0000 - 0x00007ffb56efe000 	C:\Windows\system32\KERNEL32.DLL
0x00007ffb568f0000 - 0x00007ffb56a06000 	C:\Windows\system32\KERNELBASE.dll
0x00007ffb55080000 - 0x00007ffb5510e000 	C:\Windows\system32\apphelp.dll
0x00007ffb520c0000 - 0x00007ffb52114000 	C:\Windows\AppPatch\AppPatch64\AcGenral.DLL
0x00007ffb56a70000 - 0x00007ffb56b1a000 	C:\Windows\system32\msvcrt.dll
0x00007ffb56680000 - 0x00007ffb566ae000 	C:\Windows\system32\SspiCli.dll
0x00007ffb59250000 - 0x00007ffb592a4000 	C:\Windows\system32\SHLWAPI.dll
0x00007ffb590d0000 - 0x00007ffb59247000 	C:\Windows\system32\USER32.dll
0x00007ffb57030000 - 0x00007ffb571c4000 	C:\Windows\system32\ole32.dll
0x00007ffb571d0000 - 0x00007ffb586fb000 	C:\Windows\system32\SHELL32.dll
0x00007ffb55ac0000 - 0x00007ffb55ae1000 	C:\Windows\SYSTEM32\USERENV.dll
0x00007ffb588d0000 - 0x00007ffb5897a000 	C:\Windows\system32\ADVAPI32.dll
0x00007ffb520a0000 - 0x00007ffb520be000 	C:\Windows\SYSTEM32\MPR.dll
0x00007ffb58700000 - 0x00007ffb58840000 	C:\Windows\system32\RPCRT4.dll
0x00007ffb56fd0000 - 0x00007ffb57029000 	C:\Windows\SYSTEM32\sechost.dll
0x00007ffb58b60000 - 0x00007ffb58d70000 	C:\Windows\SYSTEM32\combase.dll
0x00007ffb56c50000 - 0x00007ffb56d9c000 	C:\Windows\system32\GDI32.dll
0x00007ffb56500000 - 0x00007ffb56515000 	C:\Windows\SYSTEM32\profapi.dll
0x00007ffb54ab0000 - 0x00007ffb54b62000 	C:\Windows\SYSTEM32\SHCORE.dll
0x00007ffb59090000 - 0x00007ffb590c6000 	C:\Windows\system32\IMM32.DLL
0x00007ffb58d70000 - 0x00007ffb58ec1000 	C:\Windows\system32\MSCTF.dll
0x00007ffb54400000 - 0x00007ffb5467b000 	C:\Windows\WinSxS\amd64_microsoft.windows.common-controls_6595b64144ccf1df_6.0.9600.18006_none_623f33d3ecbe86e8\COMCTL32.dll
0x0000000075b30000 - 0x0000000075c02000 	C:\Program Files\Java\jre1.8.0_191\bin\msvcr100.dll
0x0000000075e30000 - 0x00000000766d4000 	C:\Program Files\Java\jre1.8.0_191\bin\server\jvm.dll
0x00007ffb4d7e0000 - 0x00007ffb4d7e9000 	C:\Windows\SYSTEM32\WSOCK32.dll
0x00007ffb51600000 - 0x00007ffb51622000 	C:\Windows\SYSTEM32\WINMM.dll
0x00007ffb52090000 - 0x00007ffb5209a000 	C:\Windows\SYSTEM32\VERSION.dll
0x00007ffb58850000 - 0x00007ffb58857000 	C:\Windows\system32\PSAPI.DLL
0x00007ffb56bf0000 - 0x00007ffb56c4a000 	C:\Windows\system32\WS2_32.dll
0x00007ffb513a0000 - 0x00007ffb513ca000 	C:\Windows\SYSTEM32\WINMMBASE.dll
0x00007ffb56a60000 - 0x00007ffb56a69000 	C:\Windows\system32\NSI.dll
0x00007ffb56a10000 - 0x00007ffb56a5f000 	C:\Windows\SYSTEM32\cfgmgr32.dll
0x00007ffb552e0000 - 0x00007ffb55308000 	C:\Windows\SYSTEM32\DEVOBJ.dll
0x0000000050070000 - 0x000000005007f000 	C:\Program Files\Java\jre1.8.0_191\bin\verify.dll
0x0000000050040000 - 0x0000000050069000 	C:\Program Files\Java\jre1.8.0_191\bin\java.dll
0x0000000050020000 - 0x0000000050036000 	C:\Program Files\Java\jre1.8.0_191\bin\zip.dll

VM Arguments:
jvm_args: -Dfile.encoding=Cp1252 
java_command: Main
java_class_path (initial): C:\Users\Leon\eclipse-workspace\Checkers\bin
Launcher Type: SUN_STANDARD

Environment Variables:
JAVA_HOME=C:\Program Files (x86)\Java\jdk1.8.0_202
PATH=C:/Program Files/Java/jre1.8.0_191/bin/server;C:/Program Files/Java/jre1.8.0_191/bin;C:/Program Files/Java/jre1.8.0_191/lib/amd64;C:\Perl64\site\bin;C:\Perl64\bin;C:\ProgramData\Anaconda3;C:\ProgramData\Anaconda3\Library\mingw-w64\bin;C:\ProgramData\Anaconda3\Library\usr\bin;C:\ProgramData\Anaconda3\Library\bin;C:\ProgramData\Anaconda3\Scripts;C:\Program Files (x86)\Common Files\Oracle\Java\javapath;C:\ProgramData\Oracle\Java\javapath;C:\Windows\system32;C:\Windows;C:\Windows\System32\Wbem;C:\Windows\System32\WindowsPowerShell\v1.0\;C:\Program Files (x86)\Windows Live\Shared;C:\Program Files (x86)\ZipGenius 6\;C:\jre8\bin;C:\Program Files\Java\jdk1.8.0_181\bin;C:\Perl64\bin;C:\Program Files\dotnet\;C:\Program Files\Microsoft SQL Server\Client SDK\ODBC\130\Tools\Binn\;C:\Program Files (x86)\Microsoft SQL Server\140\Tools\Binn\;C:\Program Files\Microsoft SQL Server\140\Tools\Binn\;C:\Program Files\Microsoft SQL Server\140\DTS\Binn\;C:\Program Files (x86)\Microsoft SQL Server\Client SDK\ODBC\130\Tools\Binn\;C:\Program Files (x86)\Microsoft SQL Server\140\DTS\Binn\;C:\Program Files (x86)\Microsoft SQL Server\140\Tools\Binn\ManagementStudio\;C:\Program Files\MIT\Kerberos\bin;C:\Program Files\Git\cmd;C:\Users\Leon\AppData\Roaming\Microsoft\Windows\Start Menu\Programs\Eclipse;
USERNAME=Leon
OS=Windows_NT
PROCESSOR_IDENTIFIER=Intel64 Family 6 Model 69 Stepping 1, GenuineIntel



---------------  S Y S T E M  ---------------

OS: Windows 8.1 , 64 bit Build 9600 (6.3.9600.17415)

CPU:total 4 (initial active 4) (2 cores per cpu, 2 threads per core) family 6 model 69 stepping 1, cmov, cx8, fxsr, mmx, sse, sse2, sse3, ssse3, sse4.1, sse4.2, popcnt, avx, avx2, aes, clmul, erms, lzcnt, ht, tsc, tscinvbit, bmi1, bmi2

Memory: 4k page, physical 4124504k(920924k free), swap 16707416k(33816k free)

vm_info: Java HotSpot(TM) 64-Bit Server VM (25.191-b12) for windows-amd64 JRE (1.8.0_191-b12), built on Oct  6 2018 09:29:03 by "java_re" with MS VC++ 10.0 (VS2010)

time: Sat Nov 30 14:58:10 2019
elapsed time: 4 seconds (0d 0h 0m 4s)

